04cd6b10-5607-4506-a81a-509497a25bc7 bpinsard@elm.criugm.qc.ca:/scratch/tmp/tmpgmk7n945 timestamp=1685039111.937841569s
0ec1df29-973b-4bbe-a98d-e97e22d1a954 bpinsard@elm.criugm.qc.ca:/scratch/tmp/tmpw0al3pjm timestamp=1685040258.146395662s
10eb4423-e76d-4e05-aaf0-0d1376f900f5 bpinsard@elm.criugm.qc.ca:/scratch/tmp/tmphvh6wysp timestamp=1685039085.229868937s
11947f26-03ba-483c-bfe1-c3dc0d307098 bpinsard@elm.criugm.qc.ca:/scratch/tmp/tmpm_8tqvr7 timestamp=1685039603.214835097s
13ebd50a-825f-4603-9c8e-949a5b147bf8 bpinsard@elm.criugm.qc.ca:/scratch/tmp/tmplvcgev5p timestamp=1685040018.738476572s
206e5809-0e61-4a67-9307-8cd74e22864a bpinsard@elm.criugm.qc.ca:/scratch/tmp/tmpmi1l_0fl timestamp=1685040520.874865436s
222cbbd4-a6d8-44f5-b3f6-d746a7f1819e bpinsard@elm.criugm.qc.ca:/scratch/tmp/tmpbzc_vyw5 timestamp=1685041345.244408944s
23fc8a72-90ed-4346-93c5-da5bf410b76c bpinsard@elm.criugm.qc.ca:/scratch/tmp/tmpgyr232ru timestamp=1685040151.76631976s
2d9379e7-5d68-4683-96df-72897e9d7d47 bpinsard@elm.criugm.qc.ca:/scratch/tmp/tmp5ifr8u4d timestamp=1685039761.410305676s
3dfdc340-3f15-46e9-8dbc-cb5ab0f8bab8 bpinsard@elm.criugm.qc.ca:/scratch/tmp/tmp2z8slo6o timestamp=1685044468.873819489s
3e8101c2-ad79-4f5f-b067-cedba649286c bpinsard@elm.criugm.qc.ca:/scratch/tmp/tmp6ko9wmoa timestamp=1685041887.885569413s
439f5bc7-b68e-4441-b01e-0e14641a8ef0 bpinsard@elm.criugm.qc.ca:/scratch/tmp/tmpad8k2og9 timestamp=1685042899.76141822s
47e9d3a8-f107-4a82-84c4-ac7a84518721 bpinsard@elm.criugm.qc.ca:/scratch/tmp/tmprqlkviff timestamp=1685039517.223246324s
50b66157-90d9-4bd8-b985-636cc16da182 bpinsard@elm.criugm.qc.ca:/scratch/tmp/tmpttx5o0tu timestamp=1685039367.694742401s
60f5a63a-5f8f-4aad-8da6-be0871142839 bpinsard@elm.criugm.qc.ca:/scratch/tmp/tmpzcgqpqvi timestamp=1685041139.92685812s
63fed0e9-cfb3-4f22-a590-817612367237 bpinsard@elm.criugm.qc.ca:/scratch/tmp/tmps_s3gq4z timestamp=1685043487.138152956s
709eae23-0b07-42d8-b772-805f8fd74c73 bpinsard@elm.criugm.qc.ca:/scratch/tmp/tmpriae7yjy timestamp=1685042920.872436438s
7a8d7611-1276-4a10-a545-5fb27dafe6b5 ria-sequoia-storage timestamp=1685020196.524261794s
7b2b3072-6f2d-4d92-ae03-c26257e0b7d8 bpinsard@elm.criugm.qc.ca:/scratch/tmp/tmpxnso9x41 timestamp=1685042585.149835097s
8cc8972c-81e0-4be5-9a32-ecf866cfa96a bpinsard@elm.criugm.qc.ca:/scratch/tmp/tmp74178ko5 timestamp=1685039279.681087757s
8f174713-8fbe-418c-b233-7961b48df46b bpinsard@elm.criugm.qc.ca:/scratch/tmp/tmpokpp_1hh timestamp=1685043454.596213911s
95c346af-6b4d-4561-bb50-3da60a4c4de8 bpinsard@elm.criugm.qc.ca:/scratch/tmp/tmp8yhcfjgm timestamp=1685040950.553521659s
9b8e83c3-5e93-4598-86dd-94b643f6b516 bpinsard@elm.criugm.qc.ca:/scratch/basile/mario3 timestamp=1685020127.976181958s
9c8b596a-8d39-4aaa-8655-7894bce89e49 bpinsard@elm.criugm.qc.ca:/scratch/tmp/tmp6a26hm4r timestamp=1685040698.208974823s
ac4c4f0b-6dbe-461e-9111-8b0f39f2e0f3 bpinsard@elm.criugm.qc.ca:/scratch/basile/mario3 timestamp=1685037792.777938532s
c3f26604-2890-4fc7-89cb-af11985199b4 bpinsard@elm.criugm.qc.ca:/scratch/tmp/tmpun87y7pr timestamp=1685039450.077446529s
c8e814bd-f80c-449d-9b8f-20b89aef6652 bpinsard@elm.criugm.qc.ca:/scratch/tmp/tmpwt_mhfzr timestamp=1685040101.738534135s
dd0dd843-32c5-4145-9c33-f1bbee73a7ac bpinsard@elm.criugm.qc.ca:/scratch/tmp/tmpd2kmn8h3 timestamp=1685039692.934589568s
ddd2f5a9-1181-426d-bd93-ac5f99b7995a bpinsard@elm.criugm.qc.ca:/scratch/tmp/tmp9ua4qwwo timestamp=1685039182.631438156s
e95f7648-45b4-4bdb-821f-1daa3c53045a bpinsard@elm.criugm.qc.ca:/scratch/tmp/tmp7wb48cbc timestamp=1685039927.780069307s
ecef04fb-3837-4039-802c-d60b106d51c1 bpinsard@elm.criugm.qc.ca:/scratch/tmp/tmpqly28wkc timestamp=1685043247.029464384s
fd840763-2171-40a2-978d-cf7688f0a15b bpinsard@elm.criugm.qc.ca:/scratch/tmp/tmpd2yq07ui timestamp=1685042445.259474923s
ff58e279-abc7-4d38-b28b-f295769972a4 bpinsard@elm.criugm.qc.ca:/scratch/tmp/tmp0wum6ew8 timestamp=1685039827.123189521s
